23-05-2014 14:26:35|--- SQL ---|SQLSTATE[23000]: Integrity constraint violation: 1452 Cannot add or update a child row: a foreign key constraint fails (`bancosteward`.`tarefa`, CONSTRAINT `fk_objetivo_usuario1` FOREIGN KEY (`idUsuario`) REFERENCES `usuario` (`codigo`) ON DELETE NO ACTION ON UPDATE NO ACTION) (/steward/default/tarefa/salvar)|C:\xampp\htdocs\Steward\lib\model\base\BaseTarefa.php (Linha: 331)|--- IP [::1]|--- HOST [LOC1080-004596.univali.br]
23-05-2014 14:36:29|--- SQL ---|SQLSTATE[23000]: Integrity constraint violation: 1452 Cannot add or update a child row: a foreign key constraint fails (`bancosteward`.`tarefa`, CONSTRAINT `fk_objetivo_usuario1` FOREIGN KEY (`idUsuario`) REFERENCES `usuario` (`codigo`) ON DELETE NO ACTION ON UPDATE NO ACTION) (/steward/default/tarefa/salvar)|C:\xampp\htdocs\Steward\lib\model\base\BaseTarefa.php (Linha: 331)|--- IP [::1]|--- HOST [LOC1080-004596.univali.br]
23-05-2014 14:37:13|--- SQL ---|SQLSTATE[23000]: Integrity constraint violation: 1452 Cannot add or update a child row: a foreign key constraint fails (`bancosteward`.`tarefa`, CONSTRAINT `fk_objetivo_usuario1` FOREIGN KEY (`idUsuario`) REFERENCES `usuario` (`codigo`) ON DELETE NO ACTION ON UPDATE NO ACTION) (/steward/default/tarefa/salvar)|C:\xampp\htdocs\Steward\lib\model\base\BaseTarefa.php (Linha: 331)|--- IP [::1]|--- HOST [LOC1080-004596.univali.br]
23-05-2014 16:12:48|--- ERROR ---|Módulo não encontrado - web (/steward/web/img/success.png)|C:\xampp\htdocs\Steward\core\WeeRoute.php (Linha: 119)|--- IP [::1]|--- HOST [LOC1080-004596.univali.br]
23-05-2014 21:42:32|--- ERROR ---|Módulo não encontrado - web (/steward/web/img/success.png)|C:\xampp\htdocs\Steward\core\WeeRoute.php (Linha: 119)|--- IP [10.1.93.25]|--- HOST [loc1080-004597.univali.br]
23-05-2014 21:48:21|--- ERROR ---|Action não encontrada - novoProduto (/steward/produto/novoProduto/error/1)|C:\xampp\htdocs\Steward\core\WeeRoute.php (Linha: 142)|--- IP [10.1.93.25]|--- HOST [loc1080-004597.univali.br]
23-05-2014 22:07:13|--- ERROR ---|Módulo não encontrado - web (/steward/web/img/success.png)|C:\xampp\htdocs\Steward\core\WeeRoute.php (Linha: 119)|--- IP [::1]|--- HOST [LOC1080-004596.univali.br]
23-05-2014 22:08:39|--- ERROR ---|Módulo não encontrado - web (/steward/web/img/success.png)|C:\xampp\htdocs\Steward\core\WeeRoute.php (Linha: 119)|--- IP [::1]|--- HOST [LOC1080-004596.univali.br]
23-05-2014 22:10:54|--- ERROR ---|Módulo não encontrado - web (/steward/web/img/success.png)|C:\xampp\htdocs\Steward\core\WeeRoute.php (Linha: 119)|--- IP [::1]|--- HOST [LOC1080-004596.univali.br]
23-05-2014 22:11:25|--- ERROR ---|Módulo não encontrado - web (/steward/web/img/success.png)|C:\xampp\htdocs\Steward\core\WeeRoute.php (Linha: 119)|--- IP [::1]|--- HOST [LOC1080-004596.univali.br]
23-05-2014 22:15:08|--- ERROR ---|Módulo não encontrado - web (/steward/web/img/success.png)|C:\xampp\htdocs\Steward\core\WeeRoute.php (Linha: 119)|--- IP [::1]|--- HOST [LOC1080-004596.univali.br]
23-05-2014 22:15:51|--- ERROR ---|Módulo não encontrado - web (/steward/web/img/success.png)|C:\xampp\htdocs\Steward\core\WeeRoute.php (Linha: 119)|--- IP [::1]|--- HOST [LOC1080-004596.univali.br]
23-05-2014 22:28:00|--- SQL ---|SQLSTATE[23000]: Integrity constraint violation: 1452 Cannot add or update a child row: a foreign key constraint fails (`bancosteward`.`usuario`, CONSTRAINT `fk_usuarios_grupo_usuario1` FOREIGN KEY (`idGrupo`) REFERENCES `grupo` (`codigo`) ON DELETE NO ACTION ON UPDATE NO ACTION) (/steward/default/perfilUsuario/salvar)|C:\xampp\htdocs\Steward\lib\model\base\BaseUsuario.php (Linha: 314)|--- IP [::1]|--- HOST [LOC1080-004596.univali.br]
25-05-2014 03:56:45|--- ERROR ---|Módulo não encontrado - lib (/Steward/lib/plugins/vogoo/install/install.html)|C:\xampp\htdocs\Steward\core\WeeRoute.php (Linha: 119)|--- IP [::1]|--- HOST [Mateus]
25-05-2014 03:57:26|--- ERROR ---|Módulo não encontrado - lib (/Steward/lib/plugins/vogoo/install/install.htm)|C:\xampp\htdocs\Steward\core\WeeRoute.php (Linha: 119)|--- IP [::1]|--- HOST [Mateus]
25-05-2014 19:50:46|--- ERROR ---|Action não encontrada - sucesso (/steward/login/sucesso/1)|C:\xampp\htdocs\Steward\core\WeeRoute.php (Linha: 142)|--- IP [::1]|--- HOST [Mateus]
25-05-2014 20:23:00|--- ERROR ---|Módulo não encontrado - web (/steward/web/img/success.png)|C:\xampp\htdocs\Steward\core\WeeRoute.php (Linha: 119)|--- IP [::1]|--- HOST [Mateus]
26-05-2014 13:55:15|--- ERROR ---|Módulo não encontrado - web (/steward/web/img/success.png)|C:\xampp\htdocs\Steward\core\WeeRoute.php (Linha: 119)|--- IP [::1]|--- HOST [LOC1080-004596.univali.br]
27-05-2014 00:04:08|--- ERROR ---|Módulo não encontrado - web (/steward/web/img/success.png)|C:\xampp\htdocs\Steward\core\WeeRoute.php (Linha: 119)|--- IP [::1]|--- HOST [LOC1080-004596.univali.br]
27-05-2014 00:28:27|--- ERROR ---|Módulo não encontrado - web (/steward/web/img/success.png)|C:\xampp\htdocs\Steward\core\WeeRoute.php (Linha: 119)|--- IP [::1]|--- HOST [LOC1080-004596.univali.br]
27-05-2014 01:14:09|--- ERROR ---|Módulo não encontrado - web (/steward/web/img/info.png)|C:\xampp\htdocs\Steward\core\WeeRoute.php (Linha: 119)|--- IP [::1]|--- HOST [LOC1080-004596.univali.br]
27-05-2014 01:43:04|--- SQL ---|SQLSTATE[HY093]: Invalid parameter number: parameter was not defined (/steward/default/compra/index)|C:\xampp\htdocs\Steward\core\Wee.php (Linha: 261)|--- IP [::1]|--- HOST [LOC1080-004596.univali.br]
27-05-2014 01:43:46|--- SQL ---|SQLSTATE[HY093]: Invalid parameter number: parameter was not defined (/steward/default/compra/index)|C:\xampp\htdocs\Steward\core\Wee.php (Linha: 261)|--- IP [::1]|--- HOST [LOC1080-004596.univali.br]
27-05-2014 02:49:15|--- ERROR ---|Módulo não encontrado - novoItem.php (/steward/default/novoItem.php)|C:\xampp\htdocs\Steward\core\WeeRoute.php (Linha: 119)|--- IP [::1]|--- HOST [LOC1080-004596.univali.br]
27-05-2014 02:50:11|--- ERROR ---|Módulo não encontrado - novoItem.php (/steward/default/novoItem.php)|C:\xampp\htdocs\Steward\core\WeeRoute.php (Linha: 119)|--- IP [::1]|--- HOST [LOC1080-004596.univali.br]
27-05-2014 02:50:14|--- ERROR ---|Módulo não encontrado - novoItem.php (/steward/default/novoItem.php)|C:\xampp\htdocs\Steward\core\WeeRoute.php (Linha: 119)|--- IP [::1]|--- HOST [LOC1080-004596.univali.br]
27-05-2014 02:50:19|--- ERROR ---|Módulo não encontrado - novoItem.php (/steward/default/novoItem.php)|C:\xampp\htdocs\Steward\core\WeeRoute.php (Linha: 119)|--- IP [::1]|--- HOST [LOC1080-004596.univali.br]
27-05-2014 02:50:31|--- ERROR ---|Módulo não encontrado - novoItem.php (/steward/default/novoItem.php)|C:\xampp\htdocs\Steward\core\WeeRoute.php (Linha: 119)|--- IP [::1]|--- HOST [LOC1080-004596.univali.br]
27-05-2014 02:51:50|--- ERROR ---|Módulo não encontrado - novoItem.php (/steward/default/novoItem.php)|C:\xampp\htdocs\Steward\core\WeeRoute.php (Linha: 119)|--- IP [::1]|--- HOST [LOC1080-004596.univali.br]
27-05-2014 02:52:21|--- ERROR ---|Módulo não encontrado - novoItem.php (/steward/default/novoItem.php)|C:\xampp\htdocs\Steward\core\WeeRoute.php (Linha: 119)|--- IP [::1]|--- HOST [LOC1080-004596.univali.br]
27-05-2014 12:45:31|--- ERROR ---|Módulo não encontrado - novoitem.php (/steward/default/novoitem.php)|C:\xampp\htdocs\Steward\core\WeeRoute.php (Linha: 119)|--- IP [::1]|--- HOST [LOC1080-004596.univali.br]
27-05-2014 14:52:06|--- ERROR ---|Módulo não encontrado - web (/steward/web/img/success.png)|C:\xampp\htdocs\Steward\core\WeeRoute.php (Linha: 119)|--- IP [::1]|--- HOST [LOC1080-004596.univali.br]
27-05-2014 14:52:06|--- ERROR ---|Módulo não encontrado - web (/steward/web/img/info.png)|C:\xampp\htdocs\Steward\core\WeeRoute.php (Linha: 119)|--- IP [::1]|--- HOST [LOC1080-004596.univali.br]
28-05-2014 00:17:25|--- SQL ---|SQLSTATE[HY093]: Invalid parameter number: parameter was not defined (/steward/default/compra/salvar)|C:\xampp\htdocs\Steward\lib\model\base\BaseCompra.php (Linha: 151)|--- IP [::1]|--- HOST [LOC1080-004596.univali.br]
28-05-2014 00:17:41|--- SQL ---|SQLSTATE[HY093]: Invalid parameter number: parameter was not defined (/steward/default/compra/salvar)|C:\xampp\htdocs\Steward\lib\model\base\BaseCompra.php (Linha: 151)|--- IP [::1]|--- HOST [LOC1080-004596.univali.br]
28-05-2014 00:17:54|--- SQL ---|SQLSTATE[HY093]: Invalid parameter number: parameter was not defined (/steward/default/compra/salvar)|C:\xampp\htdocs\Steward\lib\model\base\BaseCompra.php (Linha: 151)|--- IP [::1]|--- HOST [LOC1080-004596.univali.br]
28-05-2014 00:18:50|--- SQL ---|SQLSTATE[23000]: Integrity constraint violation: 1062 Duplicate entry '0' for key 'PRIMARY' (/steward/default/compra/salvar)|C:\xampp\htdocs\Steward\lib\model\base\BaseCompra.php (Linha: 151)|--- IP [::1]|--- HOST [LOC1080-004596.univali.br]
28-05-2014 00:27:14|--- SQL ---|SQLSTATE[42000]: Syntax error or access violation: 1064 You have an error in your SQL syntax; check the manual that corresponds to your MySQL server version for the right syntax to use near 'DESC' at line 1 (/steward/default/compra/salvar)|C:\xampp\htdocs\Steward\lib\model\Compra.php (Linha: 74)|--- IP [::1]|--- HOST [LOC1080-004596.univali.br]
28-05-2014 00:27:29|--- SQL ---|SQLSTATE[42000]: Syntax error or access violation: 1064 You have an error in your SQL syntax; check the manual that corresponds to your MySQL server version for the right syntax to use near 'DESC' at line 1 (/steward/default/compra/salvar)|C:\xampp\htdocs\Steward\lib\model\Compra.php (Linha: 74)|--- IP [::1]|--- HOST [LOC1080-004596.univali.br]
28-05-2014 00:34:20|--- SQL ---|SQLSTATE[23000]: Integrity constraint violation: 1062 Duplicate entry '1' for key 'idProduto_UNIQUE' (/steward/default/compra/salvar)|C:\xampp\htdocs\Steward\lib\model\base\BaseItem.php (Linha: 214)|--- IP [::1]|--- HOST [LOC1080-004596.univali.br]
28-05-2014 00:44:36|--- SQL ---|SQLSTATE[23000]: Integrity constraint violation: 1062 Duplicate entry '1' for key 'idProduto_UNIQUE' (/steward/default/compra/salvar)|C:\xampp\htdocs\Steward\lib\model\base\BaseItem.php (Linha: 214)|--- IP [::1]|--- HOST [LOC1080-004596.univali.br]
28-05-2014 00:47:39|--- SQL ---|SQLSTATE[23000]: Integrity constraint violation: 1062 Duplicate entry '1' for key 'idProduto_UNIQUE' (/steward/default/compra/salvar)|C:\xampp\htdocs\Steward\lib\model\base\BaseItem.php (Linha: 215)|--- IP [::1]|--- HOST [LOC1080-004596.univali.br]
28-05-2014 01:30:02|--- SQL ---|SQLSTATE[23000]: Integrity constraint violation: 1062 Duplicate entry '1' for key 'idProduto_UNIQUE' (/steward/default/compra/salvar)|C:\xampp\htdocs\Steward\lib\model\base\BaseItem.php (Linha: 214)|--- IP [::1]|--- HOST [LOC1080-004596.univali.br]
28-05-2014 01:36:14|--- SQL ---|SQLSTATE[23000]: Integrity constraint violation: 1062 Duplicate entry '7' for key 'idCompra_UNIQUE' (/steward/default/compra/salvar)|C:\xampp\htdocs\Steward\lib\model\base\BaseItem.php (Linha: 214)|--- IP [::1]|--- HOST [LOC1080-004596.univali.br]
28-05-2014 01:36:54|--- SQL ---|SQLSTATE[23000]: Integrity constraint violation: 1062 Duplicate entry '7' for key 'idCompra_UNIQUE' (/steward/default/compra/salvar)|C:\xampp\htdocs\Steward\lib\model\base\BaseItem.php (Linha: 214)|--- IP [::1]|--- HOST [LOC1080-004596.univali.br]
28-05-2014 01:37:04|--- SQL ---|SQLSTATE[23000]: Integrity constraint violation: 1062 Duplicate entry '7' for key 'idCompra_UNIQUE' (/steward/default/compra/salvar)|C:\xampp\htdocs\Steward\lib\model\base\BaseItem.php (Linha: 214)|--- IP [::1]|--- HOST [LOC1080-004596.univali.br]
28-05-2014 01:41:01|--- SQL ---|SQLSTATE[23000]: Integrity constraint violation: 1062 Duplicate entry '1' for key 'idProduto_UNIQUE' (/steward/default/compra/salvar)|C:\xampp\htdocs\Steward\lib\model\base\BaseItem.php (Linha: 214)|--- IP [::1]|--- HOST [LOC1080-004596.univali.br]
28-05-2014 01:46:02|--- ERROR ---|Módulo não encontrado - web (/steward/web/img/success.png)|C:\xampp\htdocs\Steward\core\WeeRoute.php (Linha: 119)|--- IP [::1]|--- HOST [LOC1080-004596.univali.br]
28-05-2014 01:49:24|--- ERROR ---|Action não encontrada - realizado (/steward/default/tarefa/realizado?justifica=)|C:\xampp\htdocs\Steward\core\WeeRoute.php (Linha: 142)|--- IP [::1]|--- HOST [LOC1080-004596.univali.br]
28-05-2014 02:17:56|--- ERROR ---|Módulo não encontrado - web (/steward/web/img/success.png)|C:\xampp\htdocs\Steward\core\WeeRoute.php (Linha: 119)|--- IP [::1]|--- HOST [LOC1080-004596.univali.br]
28-05-2014 02:18:11|--- ERROR ---|Módulo não encontrado - web (/steward/web/img/success.png)|C:\xampp\htdocs\Steward\core\WeeRoute.php (Linha: 119)|--- IP [::1]|--- HOST [LOC1080-004596.univali.br]
28-05-2014 02:18:50|--- ERROR ---|Módulo não encontrado - web (/steward/web/img/success.png)|C:\xampp\htdocs\Steward\core\WeeRoute.php (Linha: 119)|--- IP [::1]|--- HOST [LOC1080-004596.univali.br]
28-05-2014 02:19:38|--- ERROR ---|Módulo não encontrado - web (/steward/web/img/success.png)|C:\xampp\htdocs\Steward\core\WeeRoute.php (Linha: 119)|--- IP [::1]|--- HOST [LOC1080-004596.univali.br]
28-05-2014 02:20:13|--- ERROR ---|Módulo não encontrado - web (/steward/web/img/success.png)|C:\xampp\htdocs\Steward\core\WeeRoute.php (Linha: 119)|--- IP [::1]|--- HOST [LOC1080-004596.univali.br]
28-05-2014 02:22:50|--- ERROR ---|Módulo não encontrado - web (/steward/web/img/success.png)|C:\xampp\htdocs\Steward\core\WeeRoute.php (Linha: 119)|--- IP [::1]|--- HOST [LOC1080-004596.univali.br]
28-05-2014 18:09:49|--- SQL ---|SQLSTATE[HY093]: Invalid parameter number: number of bound variables does not match number of tokens (/steward/default/compra/salvar)|C:\xampp\htdocs\Steward\lib\model\OsoUserRatings.php (Linha: 64)|--- IP [::1]|--- HOST [LOC1080-004596.univali.br]
28-05-2014 18:40:23|--- ERROR ---|Action não encontrada - novo (/steward/default/categoria/novo)|C:\xampp\htdocs\Steward\core\WeeRoute.php (Linha: 142)|--- IP [::1]|--- HOST [LOC1080-004596.univali.br]
28-05-2014 18:47:29|--- ERROR ---|Action não encontrada - salva (/steward/default/categoria/salva)|C:\xampp\htdocs\Steward\core\WeeRoute.php (Linha: 142)|--- IP [::1]|--- HOST [LOC1080-004596.univali.br]
28-05-2014 18:47:59|--- ERROR ---|Action não encontrada - salva (/steward/default/categoria/salva)|C:\xampp\htdocs\Steward\core\WeeRoute.php (Linha: 142)|--- IP [::1]|--- HOST [LOC1080-004596.univali.br]
28-05-2014 19:02:11|--- ERROR ---|Action não encontrada - novoProduto (/steward/produto/novoProduto/error/1)|C:\xampp\htdocs\Steward\core\WeeRoute.php (Linha: 142)|--- IP [::1]|--- HOST [LOC1080-004596.univali.br]
28-05-2014 19:03:26|--- ERROR ---|Action não encontrada - novo (/steward/produto/novo/error/1)|C:\xampp\htdocs\Steward\core\WeeRoute.php (Linha: 142)|--- IP [::1]|--- HOST [LOC1080-004596.univali.br]
28-05-2014 19:03:56|--- ERROR ---|Action não encontrada - novo (/steward/produto/novo/error/1)|C:\xampp\htdocs\Steward\core\WeeRoute.php (Linha: 142)|--- IP [::1]|--- HOST [LOC1080-004596.univali.br]
28-05-2014 19:03:58|--- ERROR ---|Action não encontrada - novoProduto (/steward/produto/novoProduto/error/1)|C:\xampp\htdocs\Steward\core\WeeRoute.php (Linha: 142)|--- IP [::1]|--- HOST [LOC1080-004596.univali.br]
28-05-2014 19:05:19|--- ERROR ---|Action não encontrada - novoProduto (/steward/produto/novoProduto/error/1)|C:\xampp\htdocs\Steward\core\WeeRoute.php (Linha: 142)|--- IP [::1]|--- HOST [LOC1080-004596.univali.br]
28-05-2014 23:05:35|--- ERROR ---|File "Zend\Db\Adapter\Pdo\Mysql.php" does not exist or class "Zend_Db_Adapter_Pdo_Mysql" was not found in the file (/steward/default/login/logando)|C:\xampp\htdocs\Steward\lib\inc\Zend\Loader.php (Linha: 88)|--- IP [::1]|--- HOST [LOC1080-004596.univali.br]
28-05-2014 23:30:58|--- ERROR ---|File "Zend\Db\Adapter\Pdo\Mysql.php" does not exist or class "Zend_Db_Adapter_Pdo_Mysql" was not found in the file (/steward/default/login/logando)|C:\xampp\htdocs\Steward\lib\inc\Zend\Loader.php (Linha: 88)|--- IP [::1]|--- HOST [LOC1080-004596.univali.br]
28-05-2014 23:34:43|--- ERROR ---|File "Zendlib\inc\\Dblib\inc\\Adapterlib\inc\\Pdolib\inc\\Mysql.php" does not exist or class "Zend_Db_Adapter_Pdo_Mysql" was not found in the file (/steward/default/login/logando)|C:\xampp\htdocs\Steward\lib\inc\Zend\Loader.php (Linha: 90)|--- IP [::1]|--- HOST [LOC1080-004596.univali.br]
28-05-2014 23:53:29|--- SQL ---|SQLSTATE[23000]: Integrity constraint violation: 1452 Cannot add or update a child row: a foreign key constraint fails (`bancosteward`.`tarefa`, CONSTRAINT `fk_objetivo_usuario1` FOREIGN KEY (`idUsuario`) REFERENCES `usuario` (`codigo`) ON DELETE NO ACTION ON UPDATE NO ACTION) (/steward/default/login/logando)|C:\xampp\htdocs\Steward\lib\model\base\BaseTarefa.php (Linha: 331)|--- IP [::1]|--- HOST [LOC1080-004596.univali.br]
28-05-2014 23:53:51|--- SQL ---|SQLSTATE[23000]: Integrity constraint violation: 1452 Cannot add or update a child row: a foreign key constraint fails (`bancosteward`.`tarefa`, CONSTRAINT `fk_objetivo_usuario1` FOREIGN KEY (`idUsuario`) REFERENCES `usuario` (`codigo`) ON DELETE NO ACTION ON UPDATE NO ACTION) (/steward/default/login/logando)|C:\xampp\htdocs\Steward\lib\model\base\BaseTarefa.php (Linha: 331)|--- IP [::1]|--- HOST [LOC1080-004596.univali.br]
28-05-2014 23:55:55|--- SQL ---|SQLSTATE[23000]: Integrity constraint violation: 1452 Cannot add or update a child row: a foreign key constraint fails (`bancosteward`.`tarefa`, CONSTRAINT `fk_objetivo_usuario1` FOREIGN KEY (`idUsuario`) REFERENCES `usuario` (`codigo`) ON DELETE NO ACTION ON UPDATE NO ACTION) (/steward/default/login/logando)|C:\xampp\htdocs\Steward\lib\model\base\BaseTarefa.php (Linha: 331)|--- IP [::1]|--- HOST [LOC1080-004596.univali.br]
29-05-2014 01:59:56|--- ERROR ---|Módulo não encontrado - web (/steward/web/img/success.png)|C:\xampp\htdocs\Steward\core\WeeRoute.php (Linha: 119)|--- IP [::1]|--- HOST [LOC1080-004596.univali.br]
29-05-2014 12:49:27|--- SQL ---|SQLSTATE[23000]: Integrity constraint violation: 1062 Duplicate entry '0-2' for key 'PRIMARY' (/steward/default/grupo/salvaStatus)|C:\xampp\htdocs\Steward\lib\model\base\BaseGrupoModulo.php (Linha: 168)|--- IP [::1]|--- HOST [LOC1080-004596.univali.br]
29-05-2014 12:49:29|--- SQL ---|SQLSTATE[23000]: Integrity constraint violation: 1062 Duplicate entry '0-3' for key 'PRIMARY' (/steward/default/grupo/salvaStatus)|C:\xampp\htdocs\Steward\lib\model\base\BaseGrupoModulo.php (Linha: 168)|--- IP [::1]|--- HOST [LOC1080-004596.univali.br]
29-05-2014 12:49:33|--- SQL ---|SQLSTATE[23000]: Integrity constraint violation: 1062 Duplicate entry '0-4' for key 'PRIMARY' (/steward/default/grupo/salvaStatus)|C:\xampp\htdocs\Steward\lib\model\base\BaseGrupoModulo.php (Linha: 168)|--- IP [::1]|--- HOST [LOC1080-004596.univali.br]
29-05-2014 12:49:41|--- SQL ---|SQLSTATE[23000]: Integrity constraint violation: 1062 Duplicate entry '0-8' for key 'PRIMARY' (/steward/default/grupo/salvaStatus)|C:\xampp\htdocs\Steward\lib\model\base\BaseGrupoModulo.php (Linha: 168)|--- IP [::1]|--- HOST [LOC1080-004596.univali.br]
29-05-2014 12:49:45|--- SQL ---|SQLSTATE[23000]: Integrity constraint violation: 1062 Duplicate entry '0-9' for key 'PRIMARY' (/steward/default/grupo/salvaStatus)|C:\xampp\htdocs\Steward\lib\model\base\BaseGrupoModulo.php (Linha: 168)|--- IP [::1]|--- HOST [LOC1080-004596.univali.br]
29-05-2014 12:49:47|--- SQL ---|SQLSTATE[23000]: Integrity constraint violation: 1062 Duplicate entry '0-8' for key 'PRIMARY' (/steward/default/grupo/salvaStatus)|C:\xampp\htdocs\Steward\lib\model\base\BaseGrupoModulo.php (Linha: 168)|--- IP [::1]|--- HOST [LOC1080-004596.univali.br]
29-05-2014 12:49:53|--- SQL ---|SQLSTATE[23000]: Integrity constraint violation: 1062 Duplicate entry '0-8' for key 'PRIMARY' (/steward/default/grupo/salvaStatus)|C:\xampp\htdocs\Steward\lib\model\base\BaseGrupoModulo.php (Linha: 168)|--- IP [::1]|--- HOST [LOC1080-004596.univali.br]
29-05-2014 13:05:04|--- SQL ---|SQLSTATE[23000]: Integrity constraint violation: 1452 Cannot add or update a child row: a foreign key constraint fails (`bancosteward`.`tarefa`, CONSTRAINT `fk_objetivo_produto1` FOREIGN KEY (`idProduto`) REFERENCES `produto` (`codigo`) ON DELETE NO ACTION ON UPDATE NO ACTION) (/steward/default/login/gerar)|C:\xampp\htdocs\Steward\lib\model\base\BaseTarefa.php (Linha: 331)|--- IP [::1]|--- HOST [LOC1080-004596.univali.br]
29-05-2014 13:09:34|--- SQL ---|SQLSTATE[23000]: Integrity constraint violation: 1452 Cannot add or update a child row: a foreign key constraint fails (`bancosteward`.`tarefa`, CONSTRAINT `fk_objetivo_produto1` FOREIGN KEY (`idProduto`) REFERENCES `produto` (`codigo`) ON DELETE NO ACTION ON UPDATE NO ACTION) (/steward/default/login/gerar)|C:\xampp\htdocs\Steward\lib\model\base\BaseTarefa.php (Linha: 331)|--- IP [::1]|--- HOST [LOC1080-004596.univali.br]
30-05-2014 13:44:32|--- ERROR ---|Módulo não encontrado - web (/steward/web/img/warning.png)|C:\xampp\htdocs\steward\core\WeeRoute.php (Linha: 119)|--- IP [::1]|--- HOST [LOC1080-004596.univali.br]
30-05-2014 15:37:24|--- SQL ---|SQLSTATE[42000]: Syntax error or access violation: 1064 You have an error in your SQL syntax; check the manual that corresponds to your MySQL server version for the right syntax to use near 'ON 					c.codigo = p.idcategoria 				INNER JOIN 					sistema s 				ON 					s.cod' at line 3 (/steward/default/categoria)|C:\xampp\htdocs\steward\lib\model\Categoria.php (Linha: 95)|--- IP [::1]|--- HOST [LOC1080-004596.univali.br]
30-05-2014 22:05:50|--- ERROR ---|Módulo não encontrado - web (/steward/default/web/img/favicon.ico)|C:\xampp\htdocs\steward\core\WeeRoute.php (Linha: 119)|--- IP [::1]|--- HOST [LOC1080-004596.univali.br]
30-05-2014 22:07:44|--- ERROR ---|Módulo não encontrado - web (/steward/web/web/fonts/iconFont.eot?)|C:\xampp\htdocs\steward\core\WeeRoute.php (Linha: 119)|--- IP [::1]|--- HOST [LOC1080-004596.univali.br]
30-05-2014 22:07:44|--- ERROR ---|Módulo não encontrado - web (/steward/default/web/img/favicon.ico)|C:\xampp\htdocs\steward\core\WeeRoute.php (Linha: 119)|--- IP [::1]|--- HOST [LOC1080-004596.univali.br]
30-05-2014 22:08:02|--- ERROR ---|Módulo não encontrado - web (/steward/web/web/fonts/iconFont.eot?)|C:\xampp\htdocs\steward\core\WeeRoute.php (Linha: 119)|--- IP [::1]|--- HOST [LOC1080-004596.univali.br]
30-05-2014 22:08:14|--- ERROR ---|Módulo não encontrado - web (/steward/web/web/fonts/iconFont.eot?)|C:\xampp\htdocs\steward\core\WeeRoute.php (Linha: 119)|--- IP [::1]|--- HOST [LOC1080-004596.univali.br]
30-05-2014 22:08:26|--- ERROR ---|Módulo não encontrado - web (/steward/web/web/fonts/iconFont.eot?)|C:\xampp\htdocs\steward\core\WeeRoute.php (Linha: 119)|--- IP [::1]|--- HOST [LOC1080-004596.univali.br]
30-05-2014 22:09:29|--- ERROR ---|Módulo não encontrado - web (/steward/web/web/fonts/iconFont.eot?)|C:\xampp\htdocs\steward\core\WeeRoute.php (Linha: 119)|--- IP [::1]|--- HOST [LOC1080-004596.univali.br]
31-05-2014 01:16:44|--- ERROR ---|Módulo não encontrado - web (/steward/web/img/success.png)|C:\xampp\htdocs\steward\core\WeeRoute.php (Linha: 119)|--- IP [::1]|--- HOST [LOC1080-004596.univali.br]
31-05-2014 01:22:24|--- SQL ---|SQLSTATE[23000]: Integrity constraint violation: 1452 Cannot add or update a child row: a foreign key constraint fails (`bancosteward`.`cliente`, CONSTRAINT `fk_cliente_lingua1` FOREIGN KEY (`idlingua`) REFERENCES `lingua` (`codigo`) ON DELETE NO ACTION ON UPDATE NO ACTION) (/steward/default/perfilCliente/salvar)|C:\xampp\htdocs\steward\lib\model\base\BaseCliente.php (Linha: 361)|--- IP [::1]|--- HOST [LOC1080-004596.univali.br]
02-06-2014 12:38:57|--- ERROR ---|Módulo não encontrado - web (/steward/web/img/success.png)|C:\xampp\htdocs\steward\core\WeeRoute.php (Linha: 119)|--- IP [::1]|--- HOST [LOC1080-004596.univali.br]
03-06-2014 00:26:53|--- ERROR ---|Action não encontrada - save (/steward/default/importar/save)|C:\xampp\htdocs\steward\core\WeeRoute.php (Linha: 142)|--- IP [::1]|--- HOST [LOC1080-004596.univali.br]
03-06-2014 01:07:48|--- ERROR ---|View não existe (/steward/default/importar/importarSQL)|C:\xampp\htdocs\steward\core\Wee.php (Linha: 261)|--- IP [::1]|--- HOST [LOC1080-004596.univali.br]
03-06-2014 01:26:41|--- ERROR ---|Módulo não encontrado - web (/steward/web/img/info.png)|C:\xampp\htdocs\steward\core\WeeRoute.php (Linha: 119)|--- IP [::1]|--- HOST [LOC1080-004596.univali.br]
03-06-2014 01:57:21|--- ERROR ---|Módulo não encontrado - web (/steward/web/img/warning.png)|C:\xampp\htdocs\steward\core\WeeRoute.php (Linha: 119)|--- IP [::1]|--- HOST [LOC1080-004596.univali.br]
03-06-2014 02:09:26|--- ERROR ---|Action não encontrada - importarCsv (/steward/importar/importarCsv/sucesso/1)|C:\xampp\htdocs\steward\core\WeeRoute.php (Linha: 142)|--- IP [::1]|--- HOST [LOC1080-004596.univali.br]
03-06-2014 02:10:32|--- ERROR ---|Action não encontrada - importarCsv (/steward/importar/importarCsv/sucesso/1)|C:\xampp\htdocs\steward\core\WeeRoute.php (Linha: 142)|--- IP [::1]|--- HOST [LOC1080-004596.univali.br]
09-06-2014 13:12:31|--- ERROR ---|Cannot connect with  (/steward/default/grafico/olap)|C:\xampp\htdocs\steward\core\Wee.php (Linha: 261)|--- IP [::1]|--- HOST [LOC1080-004596.univali.br]
09-06-2014 13:13:09|--- ERROR ---|Cannot connect with Array (/steward/default/grafico/olap)|C:\xampp\htdocs\steward\core\Wee.php (Linha: 261)|--- IP [::1]|--- HOST [LOC1080-004596.univali.br]
09-06-2014 13:40:42|--- ERROR ---|Módulo não encontrado - lib (/steward/lib/plugins/myOlap/index.php)|C:\xampp\htdocs\steward\core\WeeRoute.php (Linha: 119)|--- IP [::1]|--- HOST [LOC1080-004596.univali.br]
10-06-2014 00:09:35|--- SQL ---|SQLSTATE[HY093]: Invalid parameter number: number of bound variables does not match number of tokens (/steward/default/grafico/gerar)|C:\xampp\htdocs\steward\core\Wee.php (Linha: 261)|--- IP [::1]|--- HOST [LOC1080-004596.univali.br]
10-06-2014 00:25:13|--- SQL ---|SQLSTATE[HY093]: Invalid parameter number: parameter was not defined (/steward/default/grafico/gerar)|C:\xampp\htdocs\steward\core\Wee.php (Linha: 261)|--- IP [::1]|--- HOST [LOC1080-004596.univali.br]
10-06-2014 00:25:25|--- SQL ---|SQLSTATE[42S22]: Column not found: 1054 Unknown column 'p.codido' in 'on clause' (/steward/default/grafico/gerar)|C:\xampp\htdocs\steward\core\Wee.php (Linha: 261)|--- IP [::1]|--- HOST [LOC1080-004596.univali.br]
10-06-2014 01:29:27|--- SQL ---|SQLSTATE[42000]: Syntax error or access violation: 1064 You have an error in your SQL syntax; check the manual that corresponds to your MySQL server version for the right syntax to use near 'WHERW 					n.codigo = '1'' at line 5 (/steward/default/grafico/gerar)|C:\xampp\htdocs\steward\core\Wee.php (Linha: 261)|--- IP [::1]|--- HOST [LOC1080-004596.univali.br]
10-06-2014 01:29:39|--- SQL ---|SQLSTATE[42000]: Syntax error or access violation: 1064 You have an error in your SQL syntax; check the manual that corresponds to your MySQL server version for the right syntax to use near 'WHERW 					n.codigo = '1'' at line 5 (/steward/default/grafico/gerar)|C:\xampp\htdocs\steward\core\Wee.php (Linha: 261)|--- IP [::1]|--- HOST [LOC1080-004596.univali.br]
10-06-2014 01:30:53|--- SQL ---|SQLSTATE[42000]: Syntax error or access violation: 1064 You have an error in your SQL syntax; check the manual that corresponds to your MySQL server version for the right syntax to use near 'WHERW 					n.codigo = '1'' at line 5 (/steward/default/grafico/gerar)|C:\xampp\htdocs\steward\core\Wee.php (Linha: 261)|--- IP [::1]|--- HOST [LOC1080-004596.univali.br]
10-06-2014 01:30:59|--- SQL ---|SQLSTATE[42000]: Syntax error or access violation: 1064 You have an error in your SQL syntax; check the manual that corresponds to your MySQL server version for the right syntax to use near 'WHERW 					n.codigo = '1'' at line 5 (/steward/default/grafico/gerar)|C:\xampp\htdocs\steward\core\Wee.php (Linha: 261)|--- IP [::1]|--- HOST [LOC1080-004596.univali.br]
10-06-2014 23:53:19|--- ERROR ---|Invalid cell coordinate 2 (/steward/default/exportar/exportarExcel)|C:\xampp\htdocs\steward\core\Wee.php (Linha: 261)|--- IP [::1]|--- HOST [LOC1080-004596.univali.br]
10-06-2014 23:54:14|--- ERROR ---|Invalid cell coordinate 2 (/steward/default/exportar/exportarExcel)|C:\xampp\htdocs\steward\core\Wee.php (Linha: 261)|--- IP [::1]|--- HOST [LOC1080-004596.univali.br]
10-06-2014 23:54:23|--- ERROR ---|Invalid cell coordinate 2 (/steward/default/exportar/exportarExcel)|C:\xampp\htdocs\steward\core\Wee.php (Linha: 261)|--- IP [::1]|--- HOST [LOC1080-004596.univali.br]
10-06-2014 23:54:49|--- ERROR ---|Invalid cell coordinate 2 (/steward/default/exportar/exportarExcel)|C:\xampp\htdocs\steward\core\Wee.php (Linha: 261)|--- IP [::1]|--- HOST [LOC1080-004596.univali.br]
10-06-2014 23:55:48|--- ERROR ---|Invalid cell coordinate 2 (/steward/default/exportar/exportarExcel)|C:\xampp\htdocs\steward\core\Wee.php (Linha: 261)|--- IP [::1]|--- HOST [LOC1080-004596.univali.br]
10-06-2014 23:56:32|--- ERROR ---|Invalid cell coordinate 3 (/steward/default/exportar/exportarExcel)|C:\xampp\htdocs\steward\core\Wee.php (Linha: 261)|--- IP [::1]|--- HOST [LOC1080-004596.univali.br]
11-06-2014 00:00:40|--- ERROR ---|Invalid cell coordinate A (/steward/default/exportar/exportarExcel)|C:\xampp\htdocs\steward\core\Wee.php (Linha: 261)|--- IP [::1]|--- HOST [LOC1080-004596.univali.br]
11-06-2014 00:00:54|--- ERROR ---|Invalid cell coordinate 2 (/steward/default/exportar/exportarExcel)|C:\xampp\htdocs\steward\core\Wee.php (Linha: 261)|--- IP [::1]|--- HOST [LOC1080-004596.univali.br]
11-06-2014 00:02:21|--- ERROR ---|Invalid cell coordinate 2 (/steward/default/exportar/exportarExcel)|C:\xampp\htdocs\steward\core\Wee.php (Linha: 261)|--- IP [::1]|--- HOST [LOC1080-004596.univali.br]
11-06-2014 00:02:47|--- ERROR ---|Invalid cell coordinate 2 (/steward/default/exportar/exportarExcel)|C:\xampp\htdocs\steward\core\Wee.php (Linha: 261)|--- IP [::1]|--- HOST [LOC1080-004596.univali.br]
11-06-2014 00:52:24|--- ERROR ---|Cell coordinate can not be zero-length string. (/steward/default/exportar/exportarExcel)|C:\xampp\htdocs\steward\core\Wee.php (Linha: 261)|--- IP [::1]|--- HOST [LOC1080-004596.univali.br]
11-06-2014 00:52:54|--- ERROR ---|Cell coordinate can not be zero-length string. (/steward/default/exportar/exportarExcel)|C:\xampp\htdocs\steward\core\Wee.php (Linha: 261)|--- IP [::1]|--- HOST [LOC1080-004596.univali.br]
11-06-2014 01:07:23|--- ERROR ---|Active sheet index is out of bounds. (/steward/default/exportar/exportarExcel)|C:\xampp\htdocs\steward\core\Wee.php (Linha: 261)|--- IP [::1]|--- HOST [LOC1080-004596.univali.br]
11-06-2014 01:07:40|--- ERROR ---|Active sheet index is out of bounds. (/steward/default/exportar/exportarExcel)|C:\xampp\htdocs\steward\core\Wee.php (Linha: 261)|--- IP [::1]|--- HOST [LOC1080-004596.univali.br]
11-06-2014 01:08:53|--- ERROR ---|Active sheet index is out of bounds. (/steward/default/exportar/exportarExcel)|C:\xampp\htdocs\steward\core\Wee.php (Linha: 261)|--- IP [::1]|--- HOST [LOC1080-004596.univali.br]
11-06-2014 01:10:41|--- ERROR ---|Active sheet index is out of bounds. (/steward/default/exportar/exportarExcel)|C:\xampp\htdocs\steward\core\Wee.php (Linha: 261)|--- IP [::1]|--- HOST [LOC1080-004596.univali.br]
11-06-2014 15:25:33|--- ERROR ---|Módulo não encontrado - lib (/steward/default/lib/plugins/myOlap/home.php)|C:\xampp\htdocs\steward\core\WeeRoute.php (Linha: 119)|--- IP [::1]|--- HOST [LOC1080-004596.univali.br]
11-06-2014 15:41:57|--- ERROR ---|Módulo não encontrado - lib (/steward/lib/plugins/lib/plugins/phpMyOlap/style/style.css)|C:\xampp\htdocs\steward\core\WeeRoute.php (Linha: 119)|--- IP [::1]|--- HOST [LOC1080-004596.univali.br]
11-06-2014 15:41:57|--- ERROR ---|Módulo não encontrado - lib (/steward/lib/plugins/lib/plugins/phpMyOlap/script/script.js)|C:\xampp\htdocs\steward\core\WeeRoute.php (Linha: 119)|--- IP [::1]|--- HOST [LOC1080-004596.univali.br]
11-06-2014 15:41:57|--- ERROR ---|Módulo não encontrado - lib (/steward/lib/plugins/lib/plugins/phpMyOlap/images/open.png)|C:\xampp\htdocs\steward\core\WeeRoute.php (Linha: 119)|--- IP [::1]|--- HOST [LOC1080-004596.univali.br]
11-06-2014 15:41:58|--- ERROR ---|Módulo não encontrado - lib (/steward/lib/plugins/lib/plugins/phpMyOlap/images/new.png)|C:\xampp\htdocs\steward\core\WeeRoute.php (Linha: 119)|--- IP [::1]|--- HOST [LOC1080-004596.univali.br]
11-06-2014 15:42:40|--- ERROR ---|Módulo não encontrado - lib (/steward/lib/plugins/phpMyOlap/style/style.css)|C:\xampp\htdocs\steward\core\WeeRoute.php (Linha: 119)|--- IP [::1]|--- HOST [LOC1080-004596.univali.br]
11-06-2014 15:42:41|--- ERROR ---|Módulo não encontrado - lib (/steward/lib/plugins/phpMyOlap/script/script.js)|C:\xampp\htdocs\steward\core\WeeRoute.php (Linha: 119)|--- IP [::1]|--- HOST [LOC1080-004596.univali.br]
11-06-2014 15:42:54|--- ERROR ---|Módulo não encontrado - lib (/steward/lib/plugins/phpMyOlap/schema/FoodMart2.xml)|C:\xampp\htdocs\steward\core\WeeRoute.php (Linha: 119)|--- IP [::1]|--- HOST [LOC1080-004596.univali.br]
11-06-2014 15:42:55|--- ERROR ---|Módulo não encontrado - lib (/steward/lib/plugins/phpMyOlap/style/style.css)|C:\xampp\htdocs\steward\core\WeeRoute.php (Linha: 119)|--- IP [::1]|--- HOST [LOC1080-004596.univali.br]
11-06-2014 15:42:55|--- ERROR ---|Módulo não encontrado - lib (/steward/lib/plugins/phpMyOlap/script/script.js)|C:\xampp\htdocs\steward\core\WeeRoute.php (Linha: 119)|--- IP [::1]|--- HOST [LOC1080-004596.univali.br]
11-06-2014 15:44:02|--- ERROR ---|Módulo não encontrado - lib (/steward/lib/plugins/phpMyOlap/script/script.js)|C:\xampp\htdocs\steward\core\WeeRoute.php (Linha: 119)|--- IP [::1]|--- HOST [LOC1080-004596.univali.br]
11-06-2014 15:44:05|--- ERROR ---|Módulo não encontrado - lib (/steward/lib/plugins/phpMyOlap/script/script.js)|C:\xampp\htdocs\steward\core\WeeRoute.php (Linha: 119)|--- IP [::1]|--- HOST [LOC1080-004596.univali.br]
11-06-2014 15:44:31|--- ERROR ---|Módulo não encontrado - lib (/steward/lib/plugins/phpMyOlap/script/script.js)|C:\xampp\htdocs\steward\core\WeeRoute.php (Linha: 119)|--- IP [::1]|--- HOST [LOC1080-004596.univali.br]
11-06-2014 15:44:36|--- ERROR ---|Módulo não encontrado - lib (/steward/lib/plugins/phpMyOlap/script/script.js)|C:\xampp\htdocs\steward\core\WeeRoute.php (Linha: 119)|--- IP [::1]|--- HOST [LOC1080-004596.univali.br]
11-06-2014 15:44:43|--- ERROR ---|Módulo não encontrado - lib (/steward/lib/plugins/phpMyOlap/script/script.js)|C:\xampp\htdocs\steward\core\WeeRoute.php (Linha: 119)|--- IP [::1]|--- HOST [LOC1080-004596.univali.br]
11-06-2014 15:44:48|--- ERROR ---|Módulo não encontrado - lib (/steward/lib/plugins/phpMyOlap/style/style.css)|C:\xampp\htdocs\steward\core\WeeRoute.php (Linha: 119)|--- IP [::1]|--- HOST [LOC1080-004596.univali.br]
11-06-2014 15:47:11|--- ERROR ---|Módulo não encontrado - lib (/steward/lib/plugis/phpMyOLAP/style/style.css)|C:\xampp\htdocs\steward\core\WeeRoute.php (Linha: 119)|--- IP [::1]|--- HOST [LOC1080-004596.univali.br]
11-06-2014 15:47:11|--- ERROR ---|Módulo não encontrado - lib (/steward/lib/plugis/phpMyOLAP/script/script.js)|C:\xampp\htdocs\steward\core\WeeRoute.php (Linha: 119)|--- IP [::1]|--- HOST [LOC1080-004596.univali.br]
11-06-2014 15:47:12|--- ERROR ---|Módulo não encontrado - lib (/steward/lib/plugis/phpMyOLAP/images/new.png)|C:\xampp\htdocs\steward\core\WeeRoute.php (Linha: 119)|--- IP [::1]|--- HOST [LOC1080-004596.univali.br]
11-06-2014 15:47:12|--- ERROR ---|Módulo não encontrado - lib (/steward/lib/plugis/phpMyOLAP/images/open.png)|C:\xampp\htdocs\steward\core\WeeRoute.php (Linha: 119)|--- IP [::1]|--- HOST [LOC1080-004596.univali.br]
12-06-2014 23:42:00|--- SQL ---|SQLSTATE[HY093]: Invalid parameter number: number of bound variables does not match number of tokens (/steward/default/index)|C:\xampp\htdocs\steward\lib\model\Tarefa.php (Linha: 113)|--- IP [::1]|--- HOST [LOC1080-004596.univali.br]
12-06-2014 23:42:12|--- SQL ---|SQLSTATE[HY093]: Invalid parameter number: number of bound variables does not match number of tokens (/steward/default/index)|C:\xampp\htdocs\steward\lib\model\Tarefa.php (Linha: 113)|--- IP [::1]|--- HOST [LOC1080-004596.univali.br]
12-06-2014 23:45:11|--- SQL ---|SQLSTATE[HY093]: Invalid parameter number: number of bound variables does not match number of tokens (/steward/default/index)|C:\xampp\htdocs\steward\lib\model\Tarefa.php (Linha: 115)|--- IP [::1]|--- HOST [LOC1080-004596.univali.br]
13-06-2014 00:01:42|--- ERROR ---|Action não encontrada - aberto (/steward/default/index/aberto/1)|C:\xampp\htdocs\steward\core\WeeRoute.php (Linha: 142)|--- IP [::1]|--- HOST [LOC1080-004596.univali.br]
13-06-2014 00:05:50|--- ERROR ---|Action não encontrada - aberto (/steward/default/index/aberto/1)|C:\xampp\htdocs\steward\core\WeeRoute.php (Linha: 142)|--- IP [::1]|--- HOST [LOC1080-004596.univali.br]
13-06-2014 00:06:15|--- ERROR ---|Action não encontrada - aberto (/steward/default/index/aberto/1)|C:\xampp\htdocs\steward\core\WeeRoute.php (Linha: 142)|--- IP [::1]|--- HOST [LOC1080-004596.univali.br]
13-06-2014 00:06:32|--- ERROR ---|Action não encontrada - aberto (/steward/default/index/aberto/1)|C:\xampp\htdocs\steward\core\WeeRoute.php (Linha: 142)|--- IP [::1]|--- HOST [LOC1080-004596.univali.br]
13-06-2014 00:06:55|--- ERROR ---|Action não encontrada - aberto (/steward/default/index/aberto/1)|C:\xampp\htdocs\steward\core\WeeRoute.php (Linha: 142)|--- IP [::1]|--- HOST [LOC1080-004596.univali.br]
13-06-2014 00:08:26|--- ERROR ---|Action não encontrada - aberto (/steward/default/index/aberto/1)|C:\xampp\htdocs\steward\core\WeeRoute.php (Linha: 142)|--- IP [::1]|--- HOST [LOC1080-004596.univali.br]
13-06-2014 00:09:18|--- ERROR ---|Módulo não encontrado - web (/steward/web/img/success.png)|C:\xampp\htdocs\steward\core\WeeRoute.php (Linha: 119)|--- IP [::1]|--- HOST [LOC1080-004596.univali.br]
13-06-2014 00:09:21|--- ERROR ---|Módulo não encontrado - web (/steward/web/img/success.png)|C:\xampp\htdocs\steward\core\WeeRoute.php (Linha: 119)|--- IP [::1]|--- HOST [LOC1080-004596.univali.br]
13-06-2014 00:17:00|--- ERROR ---|Action não encontrada - aberto (/steward/default/tarefa/aberto/1)|C:\xampp\htdocs\steward\core\WeeRoute.php (Linha: 142)|--- IP [::1]|--- HOST [LOC1080-004596.univali.br]
13-06-2014 00:17:36|--- ERROR ---|Action não encontrada - aberto (/steward/default/tarefa/aberto/1)|C:\xampp\htdocs\steward\core\WeeRoute.php (Linha: 142)|--- IP [::1]|--- HOST [LOC1080-004596.univali.br]
13-06-2014 00:19:10|--- ERROR ---|Action não encontrada - aberto (/steward/default/tarefa/aberto/1)|C:\xampp\htdocs\steward\core\WeeRoute.php (Linha: 142)|--- IP [::1]|--- HOST [LOC1080-004596.univali.br]
13-06-2014 00:20:05|--- ERROR ---|Módulo não encontrado - web (/steward/web/img/success.png)|C:\xampp\htdocs\steward\core\WeeRoute.php (Linha: 119)|--- IP [::1]|--- HOST [LOC1080-004596.univali.br]
13-06-2014 12:40:12|--- ERROR ---|Módulo não encontrado - web (/steward/web/img/success.png)|C:\xampp\htdocs\steward\core\WeeRoute.php (Linha: 119)|--- IP [::1]|--- HOST [LOC1080-004596.univali.br]
13-06-2014 23:27:55|--- SQL ---|SQLSTATE[42000]: Syntax error or access violation: 1064 You have an error in your SQL syntax; check the manual that corresponds to your MySQL server version for the right syntax to use near 'LIMIT 15' at line 27 (/steward/compra)|C:\xampp\htdocs\steward\lib\model\Compra.php (Linha: 165)|--- IP [::1]|--- HOST [LOC1080-004596.univali.br]
13-06-2014 23:28:03|--- SQL ---|SQLSTATE[42000]: Syntax error or access violation: 1064 You have an error in your SQL syntax; check the manual that corresponds to your MySQL server version for the right syntax to use near 'LIMIT 0, 15' at line 27 (/steward/compra)|C:\xampp\htdocs\steward\lib\model\Compra.php (Linha: 165)|--- IP [::1]|--- HOST [LOC1080-004596.univali.br]
15-06-2014 03:46:49|--- ERROR ---|Módulo não encontrado - clientes (/steward/default/clientes/index/expo/10)|C:\xampp\htdocs\steward\core\WeeRoute.php (Linha: 119)|--- IP [::1]|--- HOST [Mateus]
15-06-2014 03:46:50|--- ERROR ---|Módulo não encontrado - clientes (/steward/default/clientes/index/expo/25)|C:\xampp\htdocs\steward\core\WeeRoute.php (Linha: 119)|--- IP [::1]|--- HOST [Mateus]
15-06-2014 03:46:57|--- ERROR ---|Módulo não encontrado - clientes (/steward/default/clientes/index/expo/25)|C:\xampp\htdocs\steward\core\WeeRoute.php (Linha: 119)|--- IP [::1]|--- HOST [Mateus]
15-06-2014 03:47:21|--- SQL ---|SQLSTATE[42000]: Syntax error or access violation: 1064 You have an error in your SQL syntax; check the manual that corresponds to your MySQL server version for the right syntax to use near ''25'' at line 1 (/steward/default/cliente/index/expo/25)|C:\xampp\htdocs\steward\lib\model\Cliente.php (Linha: 79)|--- IP [::1]|--- HOST [Mateus]
15-06-2014 03:47:25|--- SQL ---|SQLSTATE[42000]: Syntax error or access violation: 1064 You have an error in your SQL syntax; check the manual that corresponds to your MySQL server version for the right syntax to use near ''25'' at line 1 (/steward/default/cliente/index/expo/25)|C:\xampp\htdocs\steward\lib\model\Cliente.php (Linha: 79)|--- IP [::1]|--- HOST [Mateus]
15-06-2014 03:49:17|--- SQL ---|SQLSTATE[42000]: Syntax error or access violation: 1064 You have an error in your SQL syntax; check the manual that corresponds to your MySQL server version for the right syntax to use near ''25'' at line 1 (/steward/default/cliente/index/expo/25)|C:\xampp\htdocs\steward\lib\model\Cliente.php (Linha: 80)|--- IP [::1]|--- HOST [Mateus]
15-06-2014 03:55:55|--- SQL ---|SQLSTATE[42000]: Syntax error or access violation: 1064 You have an error in your SQL syntax; check the manual that corresponds to your MySQL server version for the right syntax to use near ''25'' at line 1 (/steward/default/cliente/index/expo/25)|C:\xampp\htdocs\steward\lib\model\Cliente.php (Linha: 80)|--- IP [::1]|--- HOST [Mateus]
15-06-2014 04:18:34|--- ERROR ---|Módulo não encontrado - web (/steward/web/img/info.png)|C:\xampp\htdocs\steward\core\WeeRoute.php (Linha: 119)|--- IP [::1]|--- HOST [Mateus]
15-06-2014 04:18:35|--- ERROR ---|Módulo não encontrado - web (/steward/web/img/info.png)|C:\xampp\htdocs\steward\core\WeeRoute.php (Linha: 119)|--- IP [::1]|--- HOST [Mateus]
15-06-2014 05:35:19|--- SQL ---|SQLSTATE[23000]: Integrity constraint violation: 1452 Cannot add or update a child row: a foreign key constraint fails (`bancosteward`.`item`, CONSTRAINT `fk_Item_produto1` FOREIGN KEY (`idProduto`) REFERENCES `produto` (`codigo`) ON DELETE NO ACTION ON UPDATE NO ACTION) (/steward/default/importar/save)|C:\xampp\htdocs\steward\lib\model\base\BaseItem.php (Linha: 214)|--- IP [::1]|--- HOST [Mateus]
15-06-2014 05:39:23|--- SQL ---|SQLSTATE[23000]: Integrity constraint violation: 1452 Cannot add or update a child row: a foreign key constraint fails (`bancosteward`.`item`, CONSTRAINT `fk_Item_produto1` FOREIGN KEY (`idProduto`) REFERENCES `produto` (`codigo`) ON DELETE NO ACTION ON UPDATE NO ACTION) (/steward/default/importar/save)|C:\xampp\htdocs\steward\lib\model\base\BaseItem.php (Linha: 214)|--- IP [::1]|--- HOST [Mateus]
15-06-2014 05:46:25|--- SQL ---|SQLSTATE[23000]: Integrity constraint violation: 1452 Cannot add or update a child row: a foreign key constraint fails (`bancosteward`.`item`, CONSTRAINT `fk_Item_produto1` FOREIGN KEY (`idProduto`) REFERENCES `produto` (`codigo`) ON DELETE NO ACTION ON UPDATE NO ACTION) (/steward/default/importar/save)|C:\xampp\htdocs\steward\lib\model\base\BaseItem.php (Linha: 214)|--- IP [::1]|--- HOST [Mateus]
15-06-2014 05:53:57|--- SQL ---|SQLSTATE[23000]: Integrity constraint violation: 1452 Cannot add or update a child row: a foreign key constraint fails (`bancosteward`.`item`, CONSTRAINT `fk_Item_produto1` FOREIGN KEY (`idProduto`) REFERENCES `produto` (`codigo`) ON DELETE NO ACTION ON UPDATE NO ACTION) (/steward/default/importar/save)|C:\xampp\htdocs\steward\lib\model\base\BaseItem.php (Linha: 214)|--- IP [::1]|--- HOST [Mateus]
15-06-2014 16:04:52|--- ERROR ---|Módulo não encontrado - web (/steward/web/img/info.png)|C:\xampp\htdocs\steward\core\WeeRoute.php (Linha: 119)|--- IP [::1]|--- HOST [Mateus]
15-06-2014 16:04:53|--- ERROR ---|Módulo não encontrado - web (/steward/web/img/info.png)|C:\xampp\htdocs\steward\core\WeeRoute.php (Linha: 119)|--- IP [::1]|--- HOST [Mateus]
15-06-2014 16:04:54|--- ERROR ---|Módulo não encontrado - web (/steward/web/img/info.png)|C:\xampp\htdocs\steward\core\WeeRoute.php (Linha: 119)|--- IP [::1]|--- HOST [Mateus]
15-06-2014 16:04:55|--- ERROR ---|Módulo não encontrado - web (/steward/web/img/info.png)|C:\xampp\htdocs\steward\core\WeeRoute.php (Linha: 119)|--- IP [::1]|--- HOST [Mateus]
15-06-2014 16:04:57|--- ERROR ---|Módulo não encontrado - web (/steward/web/img/info.png)|C:\xampp\htdocs\steward\core\WeeRoute.php (Linha: 119)|--- IP [::1]|--- HOST [Mateus]
15-06-2014 16:04:57|--- ERROR ---|Módulo não encontrado - web (/steward/web/img/info.png)|C:\xampp\htdocs\steward\core\WeeRoute.php (Linha: 119)|--- IP [::1]|--- HOST [Mateus]
15-06-2014 16:23:35|--- ERROR ---|Módulo não encontrado - web (/steward/web/img/info.png)|C:\xampp\htdocs\steward\core\WeeRoute.php (Linha: 119)|--- IP [::1]|--- HOST [Mateus]
15-06-2014 19:31:30|--- SQL ---|SQLSTATE[23000]: Integrity constraint violation: 1452 Cannot add or update a child row: a foreign key constraint fails (`bancosteward`.`tarefa`, CONSTRAINT `fk_tarefa_cliente1` FOREIGN KEY (`idCliente`) REFERENCES `cliente` (`codigo`) ON DELETE NO ACTION ON UPDATE NO ACTION) (/steward/default/login/gerar)|C:\xampp\htdocs\steward\lib\model\base\BaseTarefa.php (Linha: 381)|--- IP [::1]|--- HOST [Mateus]
15-06-2014 19:41:30|--- SQL ---|SQLSTATE[23000]: Integrity constraint violation: 1452 Cannot add or update a child row: a foreign key constraint fails (`bancosteward`.`tarefa`, CONSTRAINT `fk_tarefa_cliente1` FOREIGN KEY (`idCliente`) REFERENCES `cliente` (`codigo`) ON DELETE NO ACTION ON UPDATE NO ACTION) (/steward/default/login/gerar)|C:\xampp\htdocs\steward\lib\model\base\BaseTarefa.php (Linha: 381)|--- IP [::1]|--- HOST [Mateus]
15-06-2014 19:43:33|--- SQL ---|SQLSTATE[23000]: Integrity constraint violation: 1452 Cannot add or update a child row: a foreign key constraint fails (`bancosteward`.`tarefa`, CONSTRAINT `fk_tarefa_cliente1` FOREIGN KEY (`idCliente`) REFERENCES `cliente` (`codigo`) ON DELETE NO ACTION ON UPDATE NO ACTION) (/steward/default/login/gerar)|C:\xampp\htdocs\steward\lib\model\base\BaseTarefa.php (Linha: 381)|--- IP [::1]|--- HOST [Mateus]
15-06-2014 19:44:03|--- SQL ---|SQLSTATE[23000]: Integrity constraint violation: 1452 Cannot add or update a child row: a foreign key constraint fails (`bancosteward`.`tarefa`, CONSTRAINT `fk_tarefa_cliente1` FOREIGN KEY (`idCliente`) REFERENCES `cliente` (`codigo`) ON DELETE NO ACTION ON UPDATE NO ACTION) (/steward/default/login/gerar)|C:\xampp\htdocs\steward\lib\model\base\BaseTarefa.php (Linha: 381)|--- IP [::1]|--- HOST [Mateus]
15-06-2014 19:46:41|--- SQL ---|SQLSTATE[23000]: Integrity constraint violation: 1452 Cannot add or update a child row: a foreign key constraint fails (`bancosteward`.`tarefa`, CONSTRAINT `fk_tarefa_cliente1` FOREIGN KEY (`idCliente`) REFERENCES `cliente` (`codigo`) ON DELETE NO ACTION ON UPDATE NO ACTION) (/steward/default/login/gerar)|C:\xampp\htdocs\steward\lib\model\base\BaseTarefa.php (Linha: 381)|--- IP [::1]|--- HOST [Mateus]
15-06-2014 19:58:37|--- SQL ---|SQLSTATE[23000]: Integrity constraint violation: 1452 Cannot add or update a child row: a foreign key constraint fails (`bancosteward`.`tarefa`, CONSTRAINT `fk_tarefa_cliente1` FOREIGN KEY (`idCliente`) REFERENCES `cliente` (`codigo`) ON DELETE NO ACTION ON UPDATE NO ACTION) (/steward/default/login/gerar)|C:\xampp\htdocs\steward\lib\model\base\BaseTarefa.php (Linha: 381)|--- IP [::1]|--- HOST [Mateus]
15-06-2014 20:00:03|--- SQL ---|SQLSTATE[23000]: Integrity constraint violation: 1452 Cannot add or update a child row: a foreign key constraint fails (`bancosteward`.`tarefa`, CONSTRAINT `fk_tarefa_cliente1` FOREIGN KEY (`idCliente`) REFERENCES `cliente` (`codigo`) ON DELETE NO ACTION ON UPDATE NO ACTION) (/steward/default/login/gerar)|C:\xampp\htdocs\steward\lib\model\base\BaseTarefa.php (Linha: 381)|--- IP [::1]|--- HOST [Mateus]
15-06-2014 20:01:25|--- SQL ---|SQLSTATE[23000]: Integrity constraint violation: 1452 Cannot add or update a child row: a foreign key constraint fails (`bancosteward`.`tarefa`, CONSTRAINT `fk_tarefa_cliente1` FOREIGN KEY (`idCliente`) REFERENCES `cliente` (`codigo`) ON DELETE NO ACTION ON UPDATE NO ACTION) (/steward/default/login/gerar)|C:\xampp\htdocs\steward\lib\model\base\BaseTarefa.php (Linha: 381)|--- IP [::1]|--- HOST [Mateus]
15-06-2014 20:02:27|--- SQL ---|SQLSTATE[23000]: Integrity constraint violation: 1452 Cannot add or update a child row: a foreign key constraint fails (`bancosteward`.`tarefa`, CONSTRAINT `fk_tarefa_cliente1` FOREIGN KEY (`idCliente`) REFERENCES `cliente` (`codigo`) ON DELETE NO ACTION ON UPDATE NO ACTION) (/steward/default/login/gerar)|C:\xampp\htdocs\steward\lib\model\base\BaseTarefa.php (Linha: 381)|--- IP [::1]|--- HOST [Mateus]
15-06-2014 20:03:11|--- SQL ---|SQLSTATE[23000]: Integrity constraint violation: 1452 Cannot add or update a child row: a foreign key constraint fails (`bancosteward`.`tarefa`, CONSTRAINT `fk_tarefa_cliente1` FOREIGN KEY (`idCliente`) REFERENCES `cliente` (`codigo`) ON DELETE NO ACTION ON UPDATE NO ACTION) (/steward/default/login/gerar)|C:\xampp\htdocs\steward\lib\model\base\BaseTarefa.php (Linha: 381)|--- IP [::1]|--- HOST [Mateus]
15-06-2014 20:03:53|--- SQL ---|SQLSTATE[23000]: Integrity constraint violation: 1452 Cannot add or update a child row: a foreign key constraint fails (`bancosteward`.`tarefa`, CONSTRAINT `fk_tarefa_cliente1` FOREIGN KEY (`idCliente`) REFERENCES `cliente` (`codigo`) ON DELETE NO ACTION ON UPDATE NO ACTION) (/steward/default/login/gerar)|C:\xampp\htdocs\steward\lib\model\base\BaseTarefa.php (Linha: 381)|--- IP [::1]|--- HOST [Mateus]
15-06-2014 20:05:35|--- SQL ---|SQLSTATE[23000]: Integrity constraint violation: 1452 Cannot add or update a child row: a foreign key constraint fails (`bancosteward`.`tarefa`, CONSTRAINT `fk_tarefa_cliente1` FOREIGN KEY (`idCliente`) REFERENCES `cliente` (`codigo`) ON DELETE NO ACTION ON UPDATE NO ACTION) (/steward/default/login/gerar)|C:\xampp\htdocs\steward\lib\model\base\BaseTarefa.php (Linha: 381)|--- IP [::1]|--- HOST [Mateus]
15-06-2014 20:07:16|--- SQL ---|SQLSTATE[23000]: Integrity constraint violation: 1452 Cannot add or update a child row: a foreign key constraint fails (`bancosteward`.`tarefa`, CONSTRAINT `fk_tarefa_cliente1` FOREIGN KEY (`idCliente`) REFERENCES `cliente` (`codigo`) ON DELETE NO ACTION ON UPDATE NO ACTION) (/steward/default/login/gerar)|C:\xampp\htdocs\steward\lib\model\base\BaseTarefa.php (Linha: 381)|--- IP [::1]|--- HOST [Mateus]
15-06-2014 20:15:36|--- SQL ---|SQLSTATE[23000]: Integrity constraint violation: 1452 Cannot add or update a child row: a foreign key constraint fails (`bancosteward`.`tarefa`, CONSTRAINT `fk_tarefa_cliente1` FOREIGN KEY (`idCliente`) REFERENCES `cliente` (`codigo`) ON DELETE NO ACTION ON UPDATE NO ACTION) (/steward/default/login/gerar)|C:\xampp\htdocs\steward\lib\model\base\BaseTarefa.php (Linha: 381)|--- IP [::1]|--- HOST [Mateus]
15-06-2014 21:01:53|--- ERROR ---|Módulo não encontrado - lib (/steward/lib/plugins/phpMyOLAP/voltar.png)|C:\xampp\htdocs\steward\core\WeeRoute.php (Linha: 119)|--- IP [::1]|--- HOST [Mateus]
15-06-2014 21:01:54|--- ERROR ---|Módulo não encontrado - lib (/steward/lib/plugins/phpMyOLAP/voltar.png)|C:\xampp\htdocs\steward\core\WeeRoute.php (Linha: 119)|--- IP [::1]|--- HOST [Mateus]
15-06-2014 21:05:13|--- ERROR ---|Módulo não encontrado - lib (/steward/lib/plugins/phpMyOLAP/index)|C:\xampp\htdocs\steward\core\WeeRoute.php (Linha: 119)|--- IP [::1]|--- HOST [Mateus]
15-06-2014 21:08:55|--- ERROR ---|Módulo não encontrado - lib (/steward/lib/plugins/phpMyOLAP/index)|C:\xampp\htdocs\steward\core\WeeRoute.php (Linha: 119)|--- IP [::1]|--- HOST [Mateus]
15-06-2014 21:09:50|--- ERROR ---|Módulo não encontrado - lib (/steward/lib/plugins/phpMyOLAP/steward/index)|C:\xampp\htdocs\steward\core\WeeRoute.php (Linha: 119)|--- IP [::1]|--- HOST [Mateus]
15-06-2014 21:09:58|--- ERROR ---|Módulo não encontrado - lib (/steward/lib/plugins/phpMyOLAP/steward/index)|C:\xampp\htdocs\steward\core\WeeRoute.php (Linha: 119)|--- IP [::1]|--- HOST [Mateus]
15-06-2014 21:12:43|--- ERROR ---|Módulo não encontrado - lib (/steward/lib/plugins/phpMyOLAP/index.php)|C:\xampp\htdocs\steward\core\WeeRoute.php (Linha: 119)|--- IP [::1]|--- HOST [Mateus]
15-06-2014 21:13:06|--- ERROR ---|Módulo não encontrado - lib (/steward/lib/plugins/phpMyOLAP/index.php)|C:\xampp\htdocs\steward\core\WeeRoute.php (Linha: 119)|--- IP [::1]|--- HOST [Mateus]
15-06-2014 21:19:29|--- ERROR ---|Módulo não encontrado - lib (/steward/lib/plugins/phpMyOLAP/stewart/index.php)|C:\xampp\htdocs\steward\core\WeeRoute.php (Linha: 119)|--- IP [::1]|--- HOST [Mateus]
15-06-2014 21:22:17|--- ERROR ---|Módulo não encontrado - stewart (/steward/stewart/index.php)|C:\xampp\htdocs\steward\core\WeeRoute.php (Linha: 119)|--- IP [::1]|--- HOST [Mateus]
15-06-2014 21:22:42|--- ERROR ---|Módulo não encontrado - web (/steward/index.php/web/css/datepicker.css)|C:\xampp\htdocs\steward\core\WeeRoute.php (Linha: 119)|--- IP [::1]|--- HOST [Mateus]
15-06-2014 21:22:43|--- ERROR ---|Módulo não encontrado - web (/steward/index.php/web/css/helper_popupajax.css)|C:\xampp\htdocs\steward\core\WeeRoute.php (Linha: 119)|--- IP [::1]|--- HOST [Mateus]
15-06-2014 21:22:44|--- ERROR ---|Módulo não encontrado - web (/steward/index.php/web/css/staff.css)|C:\xampp\htdocs\steward\core\WeeRoute.php (Linha: 119)|--- IP [::1]|--- HOST [Mateus]
15-06-2014 21:22:45|--- ERROR ---|Módulo não encontrado - web (/steward/index.php/web/css/colorpicker.css)|C:\xampp\htdocs\steward\core\WeeRoute.php (Linha: 119)|--- IP [::1]|--- HOST [Mateus]
15-06-2014 21:22:46|--- ERROR ---|Módulo não encontrado - web (/steward/index.php/web/css/jquery-ui-1.10.4.custom.css)|C:\xampp\htdocs\steward\core\WeeRoute.php (Linha: 119)|--- IP [::1]|--- HOST [Mateus]
15-06-2014 21:22:48|--- ERROR ---|Módulo não encontrado - web (/steward/index.php/web/css/jquery-ui-1.10.4.custom.min.css)|C:\xampp\htdocs\steward\core\WeeRoute.php (Linha: 119)|--- IP [::1]|--- HOST [Mateus]
15-06-2014 21:22:48|--- ERROR ---|Módulo não encontrado - web (/steward/index.php/web/css/metro-bootstrap.css)|C:\xampp\htdocs\steward\core\WeeRoute.php (Linha: 119)|--- IP [::1]|--- HOST [Mateus]
15-06-2014 21:22:49|--- ERROR ---|Módulo não encontrado - web (/steward/index.php/web/css/iconFont.css)|C:\xampp\htdocs\steward\core\WeeRoute.php (Linha: 119)|--- IP [::1]|--- HOST [Mateus]
15-06-2014 21:22:50|--- ERROR ---|Módulo não encontrado - web (/steward/index.php/web/js/jquery-1.10.2.js)|C:\xampp\htdocs\steward\core\WeeRoute.php (Linha: 119)|--- IP [::1]|--- HOST [Mateus]
15-06-2014 21:22:51|--- ERROR ---|Módulo não encontrado - web (/steward/index.php/web/js/jquery-ui-1.10.4.custom.js)|C:\xampp\htdocs\steward\core\WeeRoute.php (Linha: 119)|--- IP [::1]|--- HOST [Mateus]
15-06-2014 21:22:53|--- ERROR ---|Módulo não encontrado - web (/steward/index.php/web/js/jquery-ui-1.10.4.custom.min.js)|C:\xampp\htdocs\steward\core\WeeRoute.php (Linha: 119)|--- IP [::1]|--- HOST [Mateus]
15-06-2014 21:22:54|--- ERROR ---|Módulo não encontrado - web (/steward/index.php/web/js/jquery.ui.datepicker-pt-BR.js)|C:\xampp\htdocs\steward\core\WeeRoute.php (Linha: 119)|--- IP [::1]|--- HOST [Mateus]
15-06-2014 21:22:54|--- ERROR ---|Módulo não encontrado - web (/steward/index.php/web/js/jquery.autocomplete.js)|C:\xampp\htdocs\steward\core\WeeRoute.php (Linha: 119)|--- IP [::1]|--- HOST [Mateus]
15-06-2014 21:22:55|--- ERROR ---|Módulo não encontrado - web (/steward/index.php/web/js/funcoes.js)|C:\xampp\htdocs\steward\core\WeeRoute.php (Linha: 119)|--- IP [::1]|--- HOST [Mateus]
15-06-2014 21:22:56|--- ERROR ---|Módulo não encontrado - web (/steward/index.php/web/js/staff.js)|C:\xampp\htdocs\steward\core\WeeRoute.php (Linha: 119)|--- IP [::1]|--- HOST [Mateus]
15-06-2014 21:22:57|--- ERROR ---|Módulo não encontrado - web (/steward/index.php/web/js/appFunctions.js)|C:\xampp\htdocs\steward\core\WeeRoute.php (Linha: 119)|--- IP [::1]|--- HOST [Mateus]
15-06-2014 21:22:58|--- ERROR ---|Módulo não encontrado - web (/steward/index.php/web/js/colorpicker.js)|C:\xampp\htdocs\steward\core\WeeRoute.php (Linha: 119)|--- IP [::1]|--- HOST [Mateus]
15-06-2014 21:22:59|--- ERROR ---|Módulo não encontrado - web (/steward/index.php/web/js/jquery.cookie.js)|C:\xampp\htdocs\steward\core\WeeRoute.php (Linha: 119)|--- IP [::1]|--- HOST [Mateus]
15-06-2014 21:23:00|--- ERROR ---|Módulo não encontrado - web (/steward/index.php/web/js/jquery.min.js)|C:\xampp\htdocs\steward\core\WeeRoute.php (Linha: 119)|--- IP [::1]|--- HOST [Mateus]
15-06-2014 21:23:01|--- ERROR ---|Módulo não encontrado - web (/steward/index.php/web/js/jquery.widget.min.js)|C:\xampp\htdocs\steward\core\WeeRoute.php (Linha: 119)|--- IP [::1]|--- HOST [Mateus]
15-06-2014 21:23:02|--- ERROR ---|Módulo não encontrado - web (/steward/index.php/web/js/metro.min.js)|C:\xampp\htdocs\steward\core\WeeRoute.php (Linha: 119)|--- IP [::1]|--- HOST [Mateus]
15-06-2014 21:23:03|--- ERROR ---|Módulo não encontrado - web (/steward/index.php/web/js/metro-dropdown.js)|C:\xampp\htdocs\steward\core\WeeRoute.php (Linha: 119)|--- IP [::1]|--- HOST [Mateus]
15-06-2014 21:23:04|--- ERROR ---|Módulo não encontrado - web (/steward/index.php/web/js/metro-input-control.js)|C:\xampp\htdocs\steward\core\WeeRoute.php (Linha: 119)|--- IP [::1]|--- HOST [Mateus]
15-06-2014 21:23:05|--- ERROR ---|Módulo não encontrado - web (/steward/index.php/web/js/metro-calendar.js)|C:\xampp\htdocs\steward\core\WeeRoute.php (Linha: 119)|--- IP [::1]|--- HOST [Mateus]
15-06-2014 21:23:06|--- ERROR ---|Módulo não encontrado - web (/steward/index.php/web/js/metro-datepicker.js)|C:\xampp\htdocs\steward\core\WeeRoute.php (Linha: 119)|--- IP [::1]|--- HOST [Mateus]
15-06-2014 21:23:07|--- ERROR ---|Módulo não encontrado - web (/steward/index.php/web/js/metro-fluentmenu.js)|C:\xampp\htdocs\steward\core\WeeRoute.php (Linha: 119)|--- IP [::1]|--- HOST [Mateus]
15-06-2014 21:23:07|--- ERROR ---|Módulo não encontrado - web (/steward/index.php/web/js/metro-accordion.js)|C:\xampp\htdocs\steward\core\WeeRoute.php (Linha: 119)|--- IP [::1]|--- HOST [Mateus]
15-06-2014 21:23:09|--- ERROR ---|Módulo não encontrado - web (/steward/index.php/web/js/metro-slider.js)|C:\xampp\htdocs\steward\core\WeeRoute.php (Linha: 119)|--- IP [::1]|--- HOST [Mateus]
15-06-2014 21:23:10|--- ERROR ---|Módulo não encontrado - web (/steward/index.php/web/js/Alerta.js)|C:\xampp\htdocs\steward\core\WeeRoute.php (Linha: 119)|--- IP [::1]|--- HOST [Mateus]
15-06-2014 21:23:11|--- ERROR ---|Módulo não encontrado - web (/steward/index.php/web/js/jquery.maskMoney.js)|C:\xampp\htdocs\steward\core\WeeRoute.php (Linha: 119)|--- IP [::1]|--- HOST [Mateus]
15-06-2014 21:23:12|--- ERROR ---|Módulo não encontrado - web (/steward/index.php/web/files/usuario/0491ed7815dc11e3abd422000a9f4de4_7.jpg)|C:\xampp\htdocs\steward\core\WeeRoute.php (Linha: 119)|--- IP [::1]|--- HOST [Mateus]
15-06-2014 21:23:13|--- ERROR ---|Módulo não encontrado - web (/steward/index.php/web/img/icon/list.png)|C:\xampp\htdocs\steward\core\WeeRoute.php (Linha: 119)|--- IP [::1]|--- HOST [Mateus]
15-06-2014 21:23:13|--- ERROR ---|Módulo não encontrado - web (/steward/index.php/web/img/icon/goal.png)|C:\xampp\htdocs\steward\core\WeeRoute.php (Linha: 119)|--- IP [::1]|--- HOST [Mateus]
15-06-2014 21:23:15|--- ERROR ---|Módulo não encontrado - web (/steward/index.php/web/img/icon/comissao.png)|C:\xampp\htdocs\steward\core\WeeRoute.php (Linha: 119)|--- IP [::1]|--- HOST [Mateus]
15-06-2014 21:23:16|--- ERROR ---|Módulo não encontrado - web (/steward/index.php/web/files/cliente/fulano.jpg)|C:\xampp\htdocs\steward\core\WeeRoute.php (Linha: 119)|--- IP [::1]|--- HOST [Mateus]
15-06-2014 21:23:17|--- ERROR ---|Módulo não encontrado - web (/steward/index.php/web/files/usuario/homer.jpg)|C:\xampp\htdocs\steward\core\WeeRoute.php (Linha: 119)|--- IP [::1]|--- HOST [Mateus]
15-06-2014 21:23:18|--- ERROR ---|Módulo não encontrado - web (/steward/index.php/web/files/usuario/0491ed7815dc11e3abd422000a9f4de4_7.jpg)|C:\xampp\htdocs\steward\core\WeeRoute.php (Linha: 119)|--- IP [::1]|--- HOST [Mateus]
15-06-2014 21:23:18|--- ERROR ---|Módulo não encontrado - web (/steward/index.php/web/files/cliente/bart.jpeg)|C:\xampp\htdocs\steward\core\WeeRoute.php (Linha: 119)|--- IP [::1]|--- HOST [Mateus]
15-06-2014 21:23:19|--- ERROR ---|Módulo não encontrado - web (/steward/index.php/web/img/icon/list.png)|C:\xampp\htdocs\steward\core\WeeRoute.php (Linha: 119)|--- IP [::1]|--- HOST [Mateus]
15-06-2014 21:23:20|--- ERROR ---|Módulo não encontrado - web (/steward/index.php/web/img/icon/goal.png)|C:\xampp\htdocs\steward\core\WeeRoute.php (Linha: 119)|--- IP [::1]|--- HOST [Mateus]
15-06-2014 21:23:21|--- ERROR ---|Módulo não encontrado - web (/steward/index.php/web/img/icon/comissao.png)|C:\xampp\htdocs\steward\core\WeeRoute.php (Linha: 119)|--- IP [::1]|--- HOST [Mateus]
15-06-2014 21:23:23|--- ERROR ---|Módulo não encontrado - web (/steward/index.php/web/files/cliente/fulano.jpg)|C:\xampp\htdocs\steward\core\WeeRoute.php (Linha: 119)|--- IP [::1]|--- HOST [Mateus]
15-06-2014 21:23:23|--- ERROR ---|Módulo não encontrado - web (/steward/index.php/web/files/usuario/homer.jpg)|C:\xampp\htdocs\steward\core\WeeRoute.php (Linha: 119)|--- IP [::1]|--- HOST [Mateus]
15-06-2014 21:23:25|--- ERROR ---|Módulo não encontrado - web (/steward/index.php/web/files/cliente/default.png)|C:\xampp\htdocs\steward\core\WeeRoute.php (Linha: 119)|--- IP [::1]|--- HOST [Mateus]
15-06-2014 21:23:26|--- ERROR ---|Módulo não encontrado - web (/steward/index.php/web/files/cliente/bart.jpeg)|C:\xampp\htdocs\steward\core\WeeRoute.php (Linha: 119)|--- IP [::1]|--- HOST [Mateus]
15-06-2014 21:23:27|--- ERROR ---|Módulo não encontrado - web (/steward/index.php/web/files/usuario/0491ed7815dc11e3abd422000a9f4de4_7.jpg)|C:\xampp\htdocs\steward\core\WeeRoute.php (Linha: 119)|--- IP [::1]|--- HOST [Mateus]
15-06-2014 21:23:28|--- ERROR ---|Módulo não encontrado - web (/steward/index.php/web/files/cliente/default.png)|C:\xampp\htdocs\steward\core\WeeRoute.php (Linha: 119)|--- IP [::1]|--- HOST [Mateus]
15-06-2014 21:23:28|--- ERROR ---|Módulo não encontrado - web (/steward/index.php/web/img/favicon.ico)|C:\xampp\htdocs\steward\core\WeeRoute.php (Linha: 119)|--- IP [::1]|--- HOST [Mateus]
15-06-2014 21:23:29|--- ERROR ---|Módulo não encontrado - web (/steward/index.php/web/files/usuario/0491ed7815dc11e3abd422000a9f4de4_7.jpg)|C:\xampp\htdocs\steward\core\WeeRoute.php (Linha: 119)|--- IP [::1]|--- HOST [Mateus]
15-06-2014 21:23:30|--- ERROR ---|Módulo não encontrado - web (/steward/index.php/web/files/usuario/0491ed7815dc11e3abd422000a9f4de4_7.jpg)|C:\xampp\htdocs\steward\core\WeeRoute.php (Linha: 119)|--- IP [::1]|--- HOST [Mateus]
15-06-2014 21:23:31|--- ERROR ---|Módulo não encontrado - web (/steward/index.php/web/files/usuario/0491ed7815dc11e3abd422000a9f4de4_7.jpg)|C:\xampp\htdocs\steward\core\WeeRoute.php (Linha: 119)|--- IP [::1]|--- HOST [Mateus]
16-06-2014 12:44:02|--- SQL ---|SQLSTATE[42S22]: Column not found: 1054 Unknown column 'data' in 'field list' (/steward/default/login/logando)|C:\xampp\htdocs\steward\lib\model\Tarefa.php (Linha: 176)|--- IP [::1]|--- HOST [LOC1080-004596.univali.br]
16-06-2014 12:49:15|--- SQL ---|SQLSTATE[42S22]: Column not found: 1054 Unknown column 'data' in 'field list' (/steward/default/login/logando)|C:\xampp\htdocs\steward\lib\model\Tarefa.php (Linha: 176)|--- IP [::1]|--- HOST [LOC1080-004596.univali.br]
16-06-2014 12:52:09|--- SQL ---|SQLSTATE[42S22]: Column not found: 1054 Unknown column 'data' in 'field list' (/steward/default/login/logando)|C:\xampp\htdocs\steward\lib\model\Tarefa.php (Linha: 176)|--- IP [::1]|--- HOST [LOC1080-004596.univali.br]
16-06-2014 12:52:31|--- SQL ---|SQLSTATE[42S22]: Column not found: 1054 Unknown column 'data' in 'field list' (/steward/default/login/logando)|C:\xampp\htdocs\steward\lib\model\Tarefa.php (Linha: 176)|--- IP [::1]|--- HOST [LOC1080-004596.univali.br]
16-06-2014 12:53:08|--- SQL ---|SQLSTATE[42S22]: Column not found: 1054 Unknown column 'data' in 'field list' (/steward/default/login/logando)|C:\xampp\htdocs\steward\lib\model\Tarefa.php (Linha: 176)|--- IP [::1]|--- HOST [LOC1080-004596.univali.br]
16-06-2014 12:54:22|--- SQL ---|SQLSTATE[42S22]: Column not found: 1054 Unknown column 'data' in 'field list' (/steward/default/login/logando)|C:\xampp\htdocs\steward\lib\model\Tarefa.php (Linha: 176)|--- IP [::1]|--- HOST [LOC1080-004596.univali.br]
16-06-2014 12:54:40|--- SQL ---|SQLSTATE[42S22]: Column not found: 1054 Unknown column 'data' in 'field list' (/steward/default/login/logando)|C:\xampp\htdocs\steward\lib\model\Tarefa.php (Linha: 176)|--- IP [::1]|--- HOST [LOC1080-004596.univali.br]
16-06-2014 12:55:00|--- SQL ---|SQLSTATE[42S22]: Column not found: 1054 Unknown column 'data' in 'field list' (/steward/default/login/logando)|C:\xampp\htdocs\steward\lib\model\Tarefa.php (Linha: 176)|--- IP [::1]|--- HOST [LOC1080-004596.univali.br]
16-06-2014 13:07:39|--- ERROR ---|Módulo não encontrado - web (/steward/web/img/success.png)|C:\xampp\htdocs\steward\core\WeeRoute.php (Linha: 119)|--- IP [::1]|--- HOST [LOC1080-004596.univali.br]
17-06-2014 01:09:39|--- SQL ---|SQLSTATE[23000]: Integrity constraint violation: 1062 Duplicate entry '0-2' for key 'PRIMARY' (/steward/default/grupo/salvaStatus)|C:\xampp\htdocs\steward\lib\model\base\BaseGrupoModulo.php (Linha: 168)|--- IP [::1]|--- HOST [LOC1080-004596.univali.br]
17-06-2014 01:09:41|--- SQL ---|SQLSTATE[23000]: Integrity constraint violation: 1062 Duplicate entry '0-3' for key 'PRIMARY' (/steward/default/grupo/salvaStatus)|C:\xampp\htdocs\steward\lib\model\base\BaseGrupoModulo.php (Linha: 168)|--- IP [::1]|--- HOST [LOC1080-004596.univali.br]
17-06-2014 01:09:43|--- SQL ---|SQLSTATE[23000]: Integrity constraint violation: 1062 Duplicate entry '0-4' for key 'PRIMARY' (/steward/default/grupo/salvaStatus)|C:\xampp\htdocs\steward\lib\model\base\BaseGrupoModulo.php (Linha: 168)|--- IP [::1]|--- HOST [LOC1080-004596.univali.br]
17-06-2014 01:09:44|--- SQL ---|SQLSTATE[23000]: Integrity constraint violation: 1062 Duplicate entry '0-5' for key 'PRIMARY' (/steward/default/grupo/salvaStatus)|C:\xampp\htdocs\steward\lib\model\base\BaseGrupoModulo.php (Linha: 168)|--- IP [::1]|--- HOST [LOC1080-004596.univali.br]
17-06-2014 01:09:46|--- SQL ---|SQLSTATE[23000]: Integrity constraint violation: 1062 Duplicate entry '0-6' for key 'PRIMARY' (/steward/default/grupo/salvaStatus)|C:\xampp\htdocs\steward\lib\model\base\BaseGrupoModulo.php (Linha: 168)|--- IP [::1]|--- HOST [LOC1080-004596.univali.br]
17-06-2014 01:09:47|--- SQL ---|SQLSTATE[23000]: Integrity constraint violation: 1062 Duplicate entry '0-7' for key 'PRIMARY' (/steward/default/grupo/salvaStatus)|C:\xampp\htdocs\steward\lib\model\base\BaseGrupoModulo.php (Linha: 168)|--- IP [::1]|--- HOST [LOC1080-004596.univali.br]
17-06-2014 01:09:49|--- SQL ---|SQLSTATE[23000]: Integrity constraint violation: 1062 Duplicate entry '0-8' for key 'PRIMARY' (/steward/default/grupo/salvaStatus)|C:\xampp\htdocs\steward\lib\model\base\BaseGrupoModulo.php (Linha: 168)|--- IP [::1]|--- HOST [LOC1080-004596.univali.br]
17-06-2014 01:09:51|--- SQL ---|SQLSTATE[23000]: Integrity constraint violation: 1062 Duplicate entry '0-9' for key 'PRIMARY' (/steward/default/grupo/salvaStatus)|C:\xampp\htdocs\steward\lib\model\base\BaseGrupoModulo.php (Linha: 168)|--- IP [::1]|--- HOST [LOC1080-004596.univali.br]
17-06-2014 01:09:53|--- SQL ---|SQLSTATE[23000]: Integrity constraint violation: 1062 Duplicate entry '0-10' for key 'PRIMARY' (/steward/default/grupo/salvaStatus)|C:\xampp\htdocs\steward\lib\model\base\BaseGrupoModulo.php (Linha: 168)|--- IP [::1]|--- HOST [LOC1080-004596.univali.br]
17-06-2014 01:09:54|--- SQL ---|SQLSTATE[23000]: Integrity constraint violation: 1062 Duplicate entry '0-11' for key 'PRIMARY' (/steward/default/grupo/salvaStatus)|C:\xampp\htdocs\steward\lib\model\base\BaseGrupoModulo.php (Linha: 168)|--- IP [::1]|--- HOST [LOC1080-004596.univali.br]
17-06-2014 01:17:00|--- SQL ---|SQLSTATE[23000]: Integrity constraint violation: 1062 Duplicate entry '0-2' for key 'PRIMARY' (/steward/default/grupo/salvaStatus)|C:\xampp\htdocs\steward\lib\model\base\BaseGrupoModulo.php (Linha: 168)|--- IP [::1]|--- HOST [LOC1080-004596.univali.br]
17-06-2014 01:17:10|--- SQL ---|SQLSTATE[23000]: Integrity constraint violation: 1062 Duplicate entry '0-3' for key 'PRIMARY' (/steward/default/grupo/salvaStatus)|C:\xampp\htdocs\steward\lib\model\base\BaseGrupoModulo.php (Linha: 168)|--- IP [::1]|--- HOST [LOC1080-004596.univali.br]
17-06-2014 01:25:10|--- ERROR ---|Módulo não encontrado - web (/steward/web/img/success.png)|C:\xampp\htdocs\steward\core\WeeRoute.php (Linha: 119)|--- IP [::1]|--- HOST [LOC1080-004596.univali.br]
17-06-2014 02:48:40|--- SQL ---|SQLSTATE[42S22]: Column not found: 1054 Unknown column 'data' in 'field list' (/steward/default/grafico/gerar)|C:\xampp\htdocs\steward\core\Wee.php (Linha: 261)|--- IP [::1]|--- HOST [LOC1080-004596.univali.br]
17-06-2014 02:48:54|--- SQL ---|SQLSTATE[42S22]: Column not found: 1054 Unknown column 'data' in 'field list' (/steward/default/grafico/gerar)|C:\xampp\htdocs\steward\core\Wee.php (Linha: 261)|--- IP [::1]|--- HOST [LOC1080-004596.univali.br]
17-06-2014 02:49:59|--- SQL ---|SQLSTATE[42S22]: Column not found: 1054 Unknown column 'data' in 'field list' (/steward/default/grafico/gerar)|C:\xampp\htdocs\steward\core\Wee.php (Linha: 261)|--- IP [::1]|--- HOST [LOC1080-004596.univali.br]
17-06-2014 02:52:48|--- SQL ---|SQLSTATE[42S22]: Column not found: 1054 Unknown column 'data' in 'field list' (/steward/default/grafico/gerar)|C:\xampp\htdocs\steward\core\Wee.php (Linha: 261)|--- IP [::1]|--- HOST [LOC1080-004596.univali.br]
17-06-2014 02:52:56|--- SQL ---|SQLSTATE[42S22]: Column not found: 1054 Unknown column 'data' in 'field list' (/steward/default/grafico/gerar)|C:\xampp\htdocs\steward\core\Wee.php (Linha: 261)|--- IP [::1]|--- HOST [LOC1080-004596.univali.br]
17-06-2014 02:55:04|--- SQL ---|SQLSTATE[23000]: Integrity constraint violation: 1452 Cannot add or update a child row: a foreign key constraint fails (`bancosteward`.`categoria`, CONSTRAINT `fk_categoria_sistema1` FOREIGN KEY (`idSistema`) REFERENCES `sistema` (`codigo`)) (/steward/default/categoria/salvar)|C:\xampp\htdocs\steward\lib\model\base\BaseCategoria.php (Linha: 171)|--- IP [::1]|--- HOST [LOC1080-004596.univali.br]
17-06-2014 13:08:15|--- ERROR ---|Action não encontrada - sucesso (/steward/index/sucesso/3)|C:\xampp\htdocs\steward\core\WeeRoute.php (Linha: 142)|--- IP [::1]|--- HOST [LOC1080-004596.univali.br]
17-06-2014 13:08:27|--- ERROR ---|Action não encontrada - sucesso (/steward/index/sucesso/3)|C:\xampp\htdocs\steward\core\WeeRoute.php (Linha: 142)|--- IP [::1]|--- HOST [LOC1080-004596.univali.br]
17-06-2014 13:46:22|--- ERROR ---|Módulo não encontrado - web (/steward/web/img/success.png)|C:\xampp\htdocs\steward\core\WeeRoute.php (Linha: 119)|--- IP [10.1.93.18]|--- HOST [loc1080-004604.univali.br]
23-06-2014 02:34:38|--- ERROR ---|Módulo não encontrado - web (/steward/web/img/success.png)|C:\xampp\htdocs\steward\core\WeeRoute.php (Linha: 119)|--- IP [::1]|--- HOST [Mateus]
23-06-2014 21:12:18|--- SQL ---|SQLSTATE[HY093]: Invalid parameter number: number of bound variables does not match number of tokens (/steward/default/index/index/realizado/3)|C:\xampp\htdocs\steward\lib\model\Tarefa.php (Linha: 87)|--- IP [::1]|--- HOST [LOC1080-004596.univali.br]
23-06-2014 21:12:38|--- SQL ---|SQLSTATE[HY093]: Invalid parameter number: number of bound variables does not match number of tokens (/steward/default/index/index/aberto/1)|C:\xampp\htdocs\steward\lib\model\Tarefa.php (Linha: 87)|--- IP [::1]|--- HOST [LOC1080-004596.univali.br]
23-06-2014 21:15:37|--- SQL ---|SQLSTATE[42000]: Syntax error or access violation: 1064 You have an error in your SQL syntax; check the manual that corresponds to your MySQL server version for the right syntax to use near '1' at line 1 (/steward/default/index/index/aberto/1)|C:\xampp\htdocs\steward\lib\model\Tarefa.php (Linha: 87)|--- IP [::1]|--- HOST [LOC1080-004596.univali.br]
23-06-2014 21:20:46|--- ERROR ---|Módulo não encontrado - web (/steward/web/img/info.png)|C:\xampp\htdocs\steward\core\WeeRoute.php (Linha: 119)|--- IP [::1]|--- HOST [LOC1080-004596.univali.br]
23-06-2014 21:47:24|--- SQL ---|SQLSTATE[42000]: Syntax error or access violation: 1064 You have an error in your SQL syntax; check the manual that corresponds to your MySQL server version for the right syntax to use near 'DISTINCT c.codigo' at line 28 (/steward/default/compra)|C:\xampp\htdocs\steward\lib\model\Compra.php (Linha: 231)|--- IP [::1]|--- HOST [LOC1080-004596.univali.br]
23-06-2014 21:48:02|--- SQL ---|SQLSTATE[42000]: Syntax error or access violation: 1064 You have an error in your SQL syntax; check the manual that corresponds to your MySQL server version for the right syntax to use near 'ORDER BY c.codigo' at line 28 (/steward/default/compra)|C:\xampp\htdocs\steward\lib\model\Compra.php (Linha: 231)|--- IP [::1]|--- HOST [LOC1080-004596.univali.br]
23-06-2014 22:05:33|--- ERROR ---|Módulo não encontrado - web (/steward/web/img/info.png)|C:\xampp\htdocs\steward\core\WeeRoute.php (Linha: 119)|--- IP [::1]|--- HOST [LOC1080-004596.univali.br]
